<?xml version="1.0" encoding="UTF-8"?>
<!-- Generated by org.testng.reporters.JUnitReportReporter -->
<testsuite hostname="DESKTOP-04ON6RE" failures="0" tests="1" name="BrowserLaunch" time="12.757" errors="0" timestamp="22 Aug. 2019 04:24:50 GMT" skipped="0">
  <testcase classname="BrowserLaunch" name="Launch" time="12.757"/>
</testsuite> <!-- BrowserLaunch -->
