<?xml version="1.0" encoding="UTF-8"?>
<!-- Generated by org.testng.reporters.JUnitReportReporter -->
<testsuite hostname="DESKTOP-04ON6RE" failures="0" tests="1" name="BrowserLaunch" time="20.223" errors="0" timestamp="23 Aug. 2019 02:13:55 GMT" skipped="0">
  <testcase classname="BrowserLaunch" name="Launch" time="20.223"/>
</testsuite> <!-- BrowserLaunch -->
